0 info it worked if it ends with ok
1 verbose cli [ '/Users/ashi/.nvm/versions/node/v7.4.0/bin/node',
1 verbose cli   '/Users/ashi/.nvm/versions/node/v7.4.0/bin/npm',
1 verbose cli   'run',
1 verbose cli   'watch' ]
2 info using npm@4.0.5
3 info using node@v7.4.0
4 verbose run-script [ 'prewatch', 'watch', 'postwatch' ]
5 info lifecycle learndash@0.0.1~prewatch: learndash@0.0.1
6 silly lifecycle learndash@0.0.1~prewatch: no script for prewatch, continuing
7 info lifecycle learndash@0.0.1~watch: learndash@0.0.1
8 verbose lifecycle learndash@0.0.1~watch: unsafe-perm in lifecycle true
9 verbose lifecycle learndash@0.0.1~watch: PATH: /Users/ashi/.nvm/versions/node/v7.4.0/lib/node_modules/npm/bin/node-gyp-bin:/Users/ashi/gh/learndash/node_modules/.bin:/Users/ashi/google-cloud-sdk/bin:/Users/ashi/.nvm/versions/node/v7.4.0/bin:/Users/ashi/anaconda/bin:/Users/ashi/go_appengine:/Users/ashi/.rvm/gems/ruby-1.9.3-p448/bin:/Users/ashi/.rvm/gems/ruby-1.9.3-p448@global/bin:/Users/ashi/.rvm/rubies/ruby-1.9.3-p448/bin:/Users/ashi/scripts:/usr/local/go/bin:/usr/bin:/bin:/usr/sbin:/sbin:/usr/local/bin:/usr/local/go/bin:/Users/ashi/google-cloud-sdk/bin:/Users/ashi/anaconda/bin:/Users/ashi/go_appengine:/Users/ashi/.rvm/gems/ruby-1.9.3-p448/bin:/Users/ashi/.rvm/gems/ruby-1.9.3-p448@global/bin:/Users/ashi/.rvm/rubies/ruby-1.9.3-p448/bin:/Users/ashi/scripts:/Users/ashi/.rvm/bin:/Users/ashi/.rvm/bin
10 verbose lifecycle learndash@0.0.1~watch: CWD: /Users/ashi/gh/learndash
11 silly lifecycle learndash@0.0.1~watch: Args: [ '-c', 'watchify -g -v -o bundle.js index.js' ]
12 silly lifecycle learndash@0.0.1~watch: Returned: code: 1  signal: null
13 info lifecycle learndash@0.0.1~watch: Failed to exec watch script
14 verbose stack Error: learndash@0.0.1 watch: `watchify -g -v -o bundle.js index.js`
14 verbose stack Exit status 1
14 verbose stack     at EventEmitter.<anonymous> (/Users/ashi/.nvm/versions/node/v7.4.0/lib/node_modules/npm/lib/utils/lifecycle.js:279:16)
14 verbose stack     at emitTwo (events.js:106:13)
14 verbose stack     at EventEmitter.emit (events.js:191:7)
14 verbose stack     at ChildProcess.<anonymous> (/Users/ashi/.nvm/versions/node/v7.4.0/lib/node_modules/npm/lib/utils/spawn.js:40:14)
14 verbose stack     at emitTwo (events.js:106:13)
14 verbose stack     at ChildProcess.emit (events.js:191:7)
14 verbose stack     at maybeClose (internal/child_process.js:885:16)
14 verbose stack     at Process.ChildProcess._handle.onexit (internal/child_process.js:226:5)
15 verbose pkgid learndash@0.0.1
16 verbose cwd /Users/ashi/gh/learndash
17 error Darwin 16.6.0
18 error argv "/Users/ashi/.nvm/versions/node/v7.4.0/bin/node" "/Users/ashi/.nvm/versions/node/v7.4.0/bin/npm" "run" "watch"
19 error node v7.4.0
20 error npm  v4.0.5
21 error code ELIFECYCLE
22 error learndash@0.0.1 watch: `watchify -g -v -o bundle.js index.js`
22 error Exit status 1
23 error Failed at the learndash@0.0.1 watch script 'watchify -g -v -o bundle.js index.js'.
23 error Make sure you have the latest version of node.js and npm installed.
23 error If you do, this is most likely a problem with the learndash package,
23 error not with npm itself.
23 error Tell the author that this fails on your system:
23 error     watchify -g -v -o bundle.js index.js
23 error You can get information on how to open an issue for this project with:
23 error     npm bugs learndash
23 error Or if that isn't available, you can get their info via:
23 error     npm owner ls learndash
23 error There is likely additional logging output above.
24 verbose exit [ 1, true ]
